<?xml version="1.0" encoding="UTF-8"?>
<!-- Generated by org.testng.reporters.JUnitReportReporter -->
<testsuite hostname="DESKTOP-4D7QFBF" failures="0" tests="5" name="AutomationTask.Practice.checkOut" time="23.798" errors="0" timestamp="2021-03-03T13:11:34 EET" skipped="0">
  <testcase classname="AutomationTask.Practice.checkOut" name="OpenURL" time="12.544"/>
  <system-out/>
  <testcase classname="AutomationTask.Practice.checkOut" name="GotoCartEmpty" time="1.286"/>
  <system-out/>
  <testcase classname="AutomationTask.Practice.checkOut" name="findatleastshirt" time="2.701"/>
  <system-out/>
  <testcase classname="AutomationTask.Practice.checkOut" name="ClickAddItem" time="0.188"/>
  <system-out/>
  <testcase classname="AutomationTask.Practice.checkOut" name="GotoShopCart" time="7.079"/>
  <system-out/>
</testsuite> <!-- AutomationTask.Practice.checkOut -->
